<?xml version="1.0" encoding="UTF-8"?>
<testng-results ignored="0" total="4" passed="3" failed="1" skipped="0">
  <reporter-output>
  </reporter-output>
  <suite started-at="2021-12-09T17:04:18 WAT" name="Suite" finished-at="2021-12-09T17:04:54 WAT" duration-ms="35762">
    <groups>
    </groups>
    <test started-at="2021-12-09T17:04:18 WAT" name="Validating the header" finished-at="2021-12-09T17:04:45 WAT" duration-ms="27179">
      <class name="Group.E2EProject.ValidateHeaderTest">
        <test-method is-config="true" signature="initialize()[pri:0, instance:Group.E2EProject.ValidateHeaderTest@37d80fe7]" started-at="2021-12-09T17:04:18 WAT" name="initialize" finished-at="2021-12-09T17:04:45 WAT" duration-ms="26825" status="PASS">
          <reporter-output>
          </reporter-output>
        </test-method> <!-- initialize -->
        <test-method signature="validateHeader()[pri:1, instance:Group.E2EProject.ValidateHeaderTest@37d80fe7]" started-at="2021-12-09T17:04:45 WAT" name="validateHeader" finished-at="2021-12-09T17:04:45 WAT" duration-ms="148" status="PASS">
          <reporter-output>
          </reporter-output>
        </test-method> <!-- validateHeader -->
        <test-method is-config="true" signature="terminate()[pri:0, instance:Group.E2EProject.ValidateHeaderTest@37d80fe7]" started-at="2021-12-09T17:04:45 WAT" name="terminate" finished-at="2021-12-09T17:04:45 WAT" duration-ms="201" status="PASS">
          <reporter-output>
          </reporter-output>
        </test-method> <!-- terminate -->
      </class> <!-- Group.E2EProject.ValidateHeaderTest -->
    </test> <!-- Validating the header -->
    <test started-at="2021-12-09T17:04:18 WAT" name="Validating the Title" finished-at="2021-12-09T17:04:52 WAT" duration-ms="33709">
      <class name="Group.E2EProject.ValidateTitleTest">
        <test-method is-config="true" signature="initialize()[pri:0, instance:Group.E2EProject.ValidateTitleTest@5b7a8434]" started-at="2021-12-09T17:04:18 WAT" name="initialize" finished-at="2021-12-09T17:04:43 WAT" duration-ms="25615" status="PASS">
          <reporter-output>
          </reporter-output>
        </test-method> <!-- initialize -->
        <test-method signature="validateTitle()[pri:0, instance:Group.E2EProject.ValidateTitleTest@5b7a8434]" started-at="2021-12-09T17:04:43 WAT" name="validateTitle" finished-at="2021-12-09T17:04:44 WAT" duration-ms="444" status="FAIL">
          <exception class="java.lang.AssertionError">
            <message>
              <![CDATA[expected [FEATURED COUR676SES] but found [FEATURED COURSES]]]>
            </message>
            <full-stacktrace>
              <![CDATA[java.lang.AssertionError: expected [FEATURED COUR676SES] but found [FEATURED COURSES]
at org.testng.Assert.fail(Assert.java:99)
at org.testng.Assert.failNotEquals(Assert.java:1037)
at org.testng.Assert.assertEqualsImpl(Assert.java:140)
at org.testng.Assert.assertEquals(Assert.java:122)
at org.testng.Assert.assertEquals(Assert.java:629)
at org.testng.Assert.assertEquals(Assert.java:639)
at Group.E2EProject.ValidateTitleTest.validateTitle(ValidateTitleTest.java:26)
at java.base/jdk.internal.reflect.NativeMethodAccessorImpl.invoke0(Native Method)
at java.base/jdk.internal.reflect.NativeMethodAccessorImpl.invoke(NativeMethodAccessorImpl.java:78)
at java.base/jdk.internal.reflect.DelegatingMethodAccessorImpl.invoke(DelegatingMethodAccessorImpl.java:43)
at java.base/java.lang.reflect.Method.invoke(Method.java:567)
at org.testng.internal.MethodInvocationHelper.invokeMethod(MethodInvocationHelper.java:133)
at org.testng.internal.TestInvoker.invokeMethod(TestInvoker.java:598)
at org.testng.internal.TestInvoker.invokeTestMethod(TestInvoker.java:173)
at org.testng.internal.MethodRunner.runInSequence(MethodRunner.java:46)
at org.testng.internal.TestInvoker$MethodInvocationAgent.invoke(TestInvoker.java:824)
at org.testng.internal.TestInvoker.invokeTestMethods(TestInvoker.java:146)
at org.testng.internal.TestMethodWorker.invokeTestMethods(TestMethodWorker.java:146)
at org.testng.internal.TestMethodWorker.run(TestMethodWorker.java:128)
at java.base/java.util.ArrayList.forEach(ArrayList.java:1511)
at org.testng.TestRunner.privateRun(TestRunner.java:794)
at org.testng.TestRunner.run(TestRunner.java:596)
at org.testng.SuiteRunner.runTest(SuiteRunner.java:377)
at org.testng.SuiteRunner.access$000(SuiteRunner.java:28)
at org.testng.SuiteRunner$SuiteWorker.run(SuiteRunner.java:418)
at org.testng.internal.thread.ThreadUtil.lambda$execute$0(ThreadUtil.java:64)
at java.base/java.util.concurrent.FutureTask.run(FutureTask.java:264)
at java.base/java.util.concurrent.ThreadPoolExecutor.runWorker(ThreadPoolExecutor.java:1130)
at java.base/java.util.concurrent.ThreadPoolExecutor$Worker.run(ThreadPoolExecutor.java:630)
at java.base/java.lang.Thread.run(Thread.java:831)
]]>
            </full-stacktrace>
          </exception> <!-- java.lang.AssertionError -->
          <reporter-output>
          </reporter-output>
        </test-method> <!-- validateTitle -->
        <test-method is-config="true" signature="terminate()[pri:0, instance:Group.E2EProject.ValidateTitleTest@5b7a8434]" started-at="2021-12-09T17:04:51 WAT" name="terminate" finished-at="2021-12-09T17:04:52 WAT" duration-ms="233" status="PASS">
          <reporter-output>
          </reporter-output>
        </test-method> <!-- terminate -->
      </class> <!-- Group.E2EProject.ValidateTitleTest -->
    </test> <!-- Validating the Title -->
    <test started-at="2021-12-09T17:04:18 WAT" name="Sign into your account" finished-at="2021-12-09T17:04:54 WAT" duration-ms="35762">
      <class name="Group.E2EProject.SignInTest">
        <test-method is-config="true" signature="initialize()[pri:0, instance:Group.E2EProject.SignInTest@5a4bef8]" started-at="2021-12-09T17:04:18 WAT" name="initialize" finished-at="2021-12-09T17:04:28 WAT" duration-ms="9803" status="PASS">
          <reporter-output>
          </reporter-output>
        </test-method> <!-- initialize -->
        <test-method signature="signIn(java.lang.String,java.lang.String,java.lang.String)[pri:0, instance:Group.E2EProject.SignInTest@5a4bef8]" started-at="2021-12-09T17:04:28 WAT" name="signIn" data-provider="getData" finished-at="2021-12-09T17:04:47 WAT" duration-ms="19307" status="PASS">
          <params>
            <param index="0">
              <value>
                <![CDATA[hello@gmail.com]]>
              </value>
            </param>
            <param index="1">
              <value>
                <![CDATA[password]]>
              </value>
            </param>
            <param index="2">
              <value>
                <![CDATA[User]]>
              </value>
            </param>
          </params>
          <reporter-output>
          </reporter-output>
        </test-method> <!-- signIn -->
        <test-method signature="signIn(java.lang.String,java.lang.String,java.lang.String)[pri:0, instance:Group.E2EProject.SignInTest@5a4bef8]" started-at="2021-12-09T17:04:47 WAT" name="signIn" data-provider="getData" finished-at="2021-12-09T17:04:53 WAT" duration-ms="6378" status="PASS">
          <params>
            <param index="0">
              <value>
                <![CDATA[hello1@gmail.com]]>
              </value>
            </param>
            <param index="1">
              <value>
                <![CDATA[password1]]>
              </value>
            </param>
            <param index="2">
              <value>
                <![CDATA[User1]]>
              </value>
            </param>
          </params>
          <reporter-output>
          </reporter-output>
        </test-method> <!-- signIn -->
        <test-method is-config="true" signature="terminate()[pri:0, instance:Group.E2EProject.SignInTest@5a4bef8]" started-at="2021-12-09T17:04:53 WAT" name="terminate" finished-at="2021-12-09T17:04:54 WAT" duration-ms="162" status="PASS">
          <reporter-output>
          </reporter-output>
        </test-method> <!-- terminate -->
      </class> <!-- Group.E2EProject.SignInTest -->
    </test> <!-- Sign into your account -->
  </suite> <!-- Suite -->
</testng-results>
