<?xml version="1.0" encoding="UTF-8"?>
<!-- Generated by org.testng.reporters.JUnitXMLReporter -->
<testsuite ignored="0" hostname="YV-Jerry" failures="1" tests="4" name="Validating the Title" time="54.005" errors="0" timestamp="2022-01-10T12:29:19 WAT">
  <testcase classname="Group.E2EProject.ValidateTitleTest" name="validateTitle" time="0.238">
    <failure type="java.lang.AssertionError" message="expected [FEATURED COUR676SES] but found [FEATURED COURSES]">
      <![CDATA[java.lang.AssertionError: expected [FEATURED COUR676SES] but found [FEATURED COURSES]
at Group.E2EProject.ValidateTitleTest.validateTitle(ValidateTitleTest.java:26)
at java.base/java.util.ArrayList.forEach(ArrayList.java:1511)
... Removed 33 stack frames]]>
    </failure>
  </testcase> <!-- validateTitle -->
  <testcase classname="Group.E2EProject.ValidateHeaderTest" name="validateHeader" time="0.189"/>
  <testcase classname="Group.E2EProject.SignInTest" name="signIn" time="11.925"/>
  <testcase classname="Group.E2EProject.SignInTest" name="signIn" time="5.01"/>
</testsuite> <!-- Validating the Title -->
