<?xml version="1.0" encoding="UTF-8"?>
<!-- Generated by org.testng.reporters.JUnitReportReporter -->
<testsuite hostname="YV-Jerry.local" failures="0" tests="1" name="Group.E2EProject.test" time="27.209" errors="1" timestamp="2021-12-08T16:52:04 WAT" skipped="0">
  <testcase classname="Group.E2EProject.test" name="Test" time="27.209">
    <error message="java.util.concurrent.ExecutionException: com.github.sarxos.webcam.WebcamException: Cannot execute task" type="com.github.sarxos.webcam.WebcamException">
      <![CDATA[com.github.sarxos.webcam.WebcamException: java.util.concurrent.ExecutionException: com.github.sarxos.webcam.WebcamException: Cannot execute task
at com.github.sarxos.webcam.WebcamDiscoveryService.getWebcams(WebcamDiscoveryService.java:124)
at com.github.sarxos.webcam.Webcam.getWebcams(Webcam.java:893)
at com.github.sarxos.webcam.Webcam.getDefault(Webcam.java:956)
at com.github.sarxos.webcam.Webcam.getDefault(Webcam.java:933)
at com.github.sarxos.webcam.Webcam.getDefault(Webcam.java:911)
at Group.E2EProject.test.Test(test.java:44)
at java.base/jdk.internal.reflect.NativeMethodAccessorImpl.invoke0(Native Method)
at java.base/jdk.internal.reflect.NativeMethodAccessorImpl.invoke(NativeMethodAccessorImpl.java:78)
at java.base/jdk.internal.reflect.DelegatingMethodAccessorImpl.invoke(DelegatingMethodAccessorImpl.java:43)
at java.base/java.lang.reflect.Method.invoke(Method.java:567)
at org.testng.internal.MethodInvocationHelper.invokeMethod(MethodInvocationHelper.java:133)
at org.testng.internal.TestInvoker.invokeMethod(TestInvoker.java:598)
at org.testng.internal.TestInvoker.invokeTestMethod(TestInvoker.java:173)
at org.testng.internal.MethodRunner.runInSequence(MethodRunner.java:46)
at org.testng.internal.TestInvoker$MethodInvocationAgent.invoke(TestInvoker.java:824)
at org.testng.internal.TestInvoker.invokeTestMethods(TestInvoker.java:146)
at org.testng.internal.TestMethodWorker.invokeTestMethods(TestMethodWorker.java:146)
at org.testng.internal.TestMethodWorker.run(TestMethodWorker.java:128)
at java.base/java.util.ArrayList.forEach(ArrayList.java:1511)
at org.testng.TestRunner.privateRun(TestRunner.java:794)
at org.testng.TestRunner.run(TestRunner.java:596)
at org.testng.SuiteRunner.runTest(SuiteRunner.java:377)
at org.testng.SuiteRunner.runSequentially(SuiteRunner.java:371)
at org.testng.SuiteRunner.privateRun(SuiteRunner.java:332)
at org.testng.SuiteRunner.run(SuiteRunner.java:276)
at org.testng.SuiteRunnerWorker.runSuite(SuiteRunnerWorker.java:53)
at org.testng.SuiteRunnerWorker.run(SuiteRunnerWorker.java:96)
at org.testng.TestNG.runSuitesSequentially(TestNG.java:1212)
at org.testng.TestNG.runSuitesLocally(TestNG.java:1134)
at org.testng.TestNG.runSuites(TestNG.java:1063)
at org.testng.TestNG.run(TestNG.java:1031)
at org.testng.remote.AbstractRemoteTestNG.run(AbstractRemoteTestNG.java:115)
at org.testng.remote.RemoteTestNG.initAndRun(RemoteTestNG.java:251)
at org.testng.remote.RemoteTestNG.main(RemoteTestNG.java:77)
Caused by: java.util.concurrent.ExecutionException: com.github.sarxos.webcam.WebcamException: Cannot execute task
at java.base/java.util.concurrent.FutureTask.report(FutureTask.java:122)
at java.base/java.util.concurrent.FutureTask.get(FutureTask.java:191)
at com.github.sarxos.webcam.WebcamDiscoveryService.getWebcams(WebcamDiscoveryService.java:116)
... 33 more
Caused by: com.github.sarxos.webcam.WebcamException: Cannot execute task
at com.github.sarxos.webcam.WebcamProcessor$AtomicProcessor.process(WebcamProcessor.java:72)
at com.github.sarxos.webcam.WebcamProcessor.process(WebcamProcessor.java:140)
at com.github.sarxos.webcam.WebcamTask.process(WebcamTask.java:46)
at com.github.sarxos.webcam.ds.buildin.WebcamDefaultDriver$WebcamNewGrabberTask.newGrabber(WebcamDefaultDriver.java:45)
at com.github.sarxos.webcam.ds.buildin.WebcamDefaultDriver.getDevices(WebcamDefaultDriver.java:117)
at com.github.sarxos.webcam.WebcamDiscoveryService$WebcamsDiscovery.call(WebcamDiscoveryService.java:36)
at com.github.sarxos.webcam.WebcamDiscoveryService$WebcamsDiscovery.call(WebcamDiscoveryService.java:26)
at java.base/java.util.concurrent.FutureTask.run(FutureTask.java:264)
at java.base/java.util.concurrent.ThreadPoolExecutor.runWorker(ThreadPoolExecutor.java:1130)
at java.base/java.util.concurrent.ThreadPoolExecutor$Worker.run(ThreadPoolExecutor.java:630)
at java.base/java.lang.Thread.run(Thread.java:831)
Caused by: java.lang.NoClassDefFoundError: org/bridj/cpp/CPPObject
at java.base/java.lang.ClassLoader.defineClass1(Native Method)
at java.base/java.lang.ClassLoader.defineClass(ClassLoader.java:1010)
at java.base/java.security.SecureClassLoader.defineClass(SecureClassLoader.java:150)
at java.base/jdk.internal.loader.BuiltinClassLoader.defineClass(BuiltinClassLoader.java:855)
at java.base/jdk.internal.loader.BuiltinClassLoader.findClassOnClassPathOrNull(BuiltinClassLoader.java:753)
at java.base/jdk.internal.loader.BuiltinClassLoader.loadClassOrNull(BuiltinClassLoader.java:676)
at java.base/jdk.internal.loader.BuiltinClassLoader.loadClass(BuiltinClassLoader.java:634)
at java.base/jdk.internal.loader.ClassLoaders$AppClassLoader.loadClass(ClassLoaders.java:182)
at java.base/java.lang.ClassLoader.loadClass(ClassLoader.java:519)
at com.github.sarxos.webcam.ds.buildin.WebcamDefaultDriver$WebcamNewGrabberTask.handle(WebcamDefaultDriver.java:55)
at com.github.sarxos.webcam.WebcamProcessor$AtomicProcessor.run(WebcamProcessor.java:81)
... 3 more
Caused by: java.lang.ClassNotFoundException: org.bridj.cpp.CPPObject
at java.base/jdk.internal.loader.BuiltinClassLoader.loadClass(BuiltinClassLoader.java:636)
at java.base/jdk.internal.loader.ClassLoaders$AppClassLoader.loadClass(ClassLoaders.java:182)
at java.base/java.lang.ClassLoader.loadClass(ClassLoader.java:519)
... 14 more
]]>
    </error>
  </testcase> <!-- Test -->
  <system-out/>
</testsuite> <!-- Group.E2EProject.test -->
