<?xml version="1.0" encoding="UTF-8"?>
<testng-results ignored="0" total="4" passed="3" failed="1" skipped="0">
  <reporter-output>
  </reporter-output>
  <suite started-at="2022-01-10T12:28:25 WAT" name="Suite" finished-at="2022-01-10T12:29:19 WAT" duration-ms="54005">
    <groups>
    </groups>
    <test started-at="2022-01-10T12:28:25 WAT" name="Validating the Title" finished-at="2022-01-10T12:29:19 WAT" duration-ms="54005">
      <class name="Group.E2EProject.ValidateTitleTest">
        <test-method is-config="true" signature="initialize()[pri:0, instance:Group.E2EProject.ValidateTitleTest@327bcebd]" started-at="2022-01-10T12:28:46 WAT" name="initialize" finished-at="2022-01-10T12:29:00 WAT" duration-ms="14086" status="PASS">
          <reporter-output>
          </reporter-output>
        </test-method> <!-- initialize -->
        <test-method signature="validateTitle()[pri:0, instance:Group.E2EProject.ValidateTitleTest@327bcebd]" started-at="2022-01-10T12:29:00 WAT" name="validateTitle" finished-at="2022-01-10T12:29:00 WAT" duration-ms="238" status="FAIL">
          <exception class="java.lang.AssertionError">
            <message>
              <![CDATA[expected [FEATURED COUR676SES] but found [FEATURED COURSES]]]>
            </message>
            <full-stacktrace>
              <![CDATA[java.lang.AssertionError: expected [FEATURED COUR676SES] but found [FEATURED COURSES]
at org.testng.Assert.fail(Assert.java:99)
at org.testng.Assert.failNotEquals(Assert.java:1037)
at org.testng.Assert.assertEqualsImpl(Assert.java:140)
at org.testng.Assert.assertEquals(Assert.java:122)
at org.testng.Assert.assertEquals(Assert.java:629)
at org.testng.Assert.assertEquals(Assert.java:639)
at Group.E2EProject.ValidateTitleTest.validateTitle(ValidateTitleTest.java:26)
at java.base/jdk.internal.reflect.NativeMethodAccessorImpl.invoke0(Native Method)
at java.base/jdk.internal.reflect.NativeMethodAccessorImpl.invoke(NativeMethodAccessorImpl.java:78)
at java.base/jdk.internal.reflect.DelegatingMethodAccessorImpl.invoke(DelegatingMethodAccessorImpl.java:43)
at java.base/java.lang.reflect.Method.invoke(Method.java:567)
at org.testng.internal.MethodInvocationHelper.invokeMethod(MethodInvocationHelper.java:133)
at org.testng.internal.TestInvoker.invokeMethod(TestInvoker.java:598)
at org.testng.internal.TestInvoker.invokeTestMethod(TestInvoker.java:173)
at org.testng.internal.MethodRunner.runInSequence(MethodRunner.java:46)
at org.testng.internal.TestInvoker$MethodInvocationAgent.invoke(TestInvoker.java:824)
at org.testng.internal.TestInvoker.invokeTestMethods(TestInvoker.java:146)
at org.testng.internal.TestMethodWorker.invokeTestMethods(TestMethodWorker.java:146)
at org.testng.internal.TestMethodWorker.run(TestMethodWorker.java:128)
at java.base/java.util.ArrayList.forEach(ArrayList.java:1511)
at org.testng.TestRunner.privateRun(TestRunner.java:794)
at org.testng.TestRunner.run(TestRunner.java:596)
at org.testng.SuiteRunner.runTest(SuiteRunner.java:377)
at org.testng.SuiteRunner.runSequentially(SuiteRunner.java:371)
at org.testng.SuiteRunner.privateRun(SuiteRunner.java:332)
at org.testng.SuiteRunner.run(SuiteRunner.java:276)
at org.testng.SuiteRunnerWorker.runSuite(SuiteRunnerWorker.java:53)
at org.testng.SuiteRunnerWorker.run(SuiteRunnerWorker.java:96)
at org.testng.TestNG.runSuitesSequentially(TestNG.java:1212)
at org.testng.TestNG.runSuitesLocally(TestNG.java:1134)
at org.testng.TestNG.runSuites(TestNG.java:1063)
at org.testng.TestNG.run(TestNG.java:1031)
at org.testng.remote.AbstractRemoteTestNG.run(AbstractRemoteTestNG.java:115)
at org.testng.remote.RemoteTestNG.initAndRun(RemoteTestNG.java:251)
at org.testng.remote.RemoteTestNG.main(RemoteTestNG.java:77)
]]>
            </full-stacktrace>
          </exception> <!-- java.lang.AssertionError -->
          <reporter-output>
          </reporter-output>
        </test-method> <!-- validateTitle -->
        <test-method is-config="true" signature="terminate()[pri:0, instance:Group.E2EProject.ValidateTitleTest@327bcebd]" started-at="2022-01-10T12:29:19 WAT" name="terminate" finished-at="2022-01-10T12:29:19 WAT" duration-ms="217" status="PASS">
          <reporter-output>
          </reporter-output>
        </test-method> <!-- terminate -->
      </class> <!-- Group.E2EProject.ValidateTitleTest -->
      <class name="Group.E2EProject.ValidateHeaderTest">
        <test-method is-config="true" signature="initialize()[pri:0, instance:Group.E2EProject.ValidateHeaderTest@3e6104fc]" started-at="2022-01-10T12:28:32 WAT" name="initialize" finished-at="2022-01-10T12:28:46 WAT" duration-ms="14264" status="PASS">
          <reporter-output>
          </reporter-output>
        </test-method> <!-- initialize -->
        <test-method signature="validateHeader()[pri:1, instance:Group.E2EProject.ValidateHeaderTest@3e6104fc]" started-at="2022-01-10T12:29:01 WAT" name="validateHeader" finished-at="2022-01-10T12:29:01 WAT" duration-ms="189" status="PASS">
          <reporter-output>
          </reporter-output>
        </test-method> <!-- validateHeader -->
        <test-method is-config="true" signature="terminate()[pri:0, instance:Group.E2EProject.ValidateHeaderTest@3e6104fc]" started-at="2022-01-10T12:29:19 WAT" name="terminate" finished-at="2022-01-10T12:29:19 WAT" duration-ms="192" status="PASS">
          <reporter-output>
          </reporter-output>
        </test-method> <!-- terminate -->
      </class> <!-- Group.E2EProject.ValidateHeaderTest -->
      <class name="Group.E2EProject.SignInTest">
        <test-method is-config="true" signature="initialize()[pri:0, instance:Group.E2EProject.SignInTest@2d8f2f3a]" started-at="2022-01-10T12:28:25 WAT" name="initialize" finished-at="2022-01-10T12:28:32 WAT" duration-ms="6740" status="PASS">
          <reporter-output>
          </reporter-output>
        </test-method> <!-- initialize -->
        <test-method signature="signIn(java.lang.String,java.lang.String,java.lang.String)[pri:0, instance:Group.E2EProject.SignInTest@2d8f2f3a]" started-at="2022-01-10T12:29:01 WAT" name="signIn" data-provider="getData" finished-at="2022-01-10T12:29:13 WAT" duration-ms="11925" status="PASS">
          <params>
            <param index="0">
              <value>
                <![CDATA[hello@gmail.com]]>
              </value>
            </param>
            <param index="1">
              <value>
                <![CDATA[password]]>
              </value>
            </param>
            <param index="2">
              <value>
                <![CDATA[User]]>
              </value>
            </param>
          </params>
          <reporter-output>
          </reporter-output>
        </test-method> <!-- signIn -->
        <test-method signature="signIn(java.lang.String,java.lang.String,java.lang.String)[pri:0, instance:Group.E2EProject.SignInTest@2d8f2f3a]" started-at="2022-01-10T12:29:13 WAT" name="signIn" data-provider="getData" finished-at="2022-01-10T12:29:18 WAT" duration-ms="5010" status="PASS">
          <params>
            <param index="0">
              <value>
                <![CDATA[hello1@gmail.com]]>
              </value>
            </param>
            <param index="1">
              <value>
                <![CDATA[password1]]>
              </value>
            </param>
            <param index="2">
              <value>
                <![CDATA[User1]]>
              </value>
            </param>
          </params>
          <reporter-output>
          </reporter-output>
        </test-method> <!-- signIn -->
        <test-method is-config="true" signature="terminate()[pri:0, instance:Group.E2EProject.SignInTest@2d8f2f3a]" started-at="2022-01-10T12:29:18 WAT" name="terminate" finished-at="2022-01-10T12:29:19 WAT" duration-ms="172" status="PASS">
          <reporter-output>
          </reporter-output>
        </test-method> <!-- terminate -->
      </class> <!-- Group.E2EProject.SignInTest -->
    </test> <!-- Validating the Title -->
  </suite> <!-- Suite -->
</testng-results>
